<?xml version="1.0" encoding="UTF-8"?>
<!-- Generated by org.testng.reporters.JUnitXMLReporter -->
<testsuite hostname="DESKTOP-0JHIS2I" name="FirefoxTest" tests="1" failures="0" timestamp="10 May 2021 12:41:25 GMT" time="0.203" errors="0">
  <testcase name="@BeforeMethod beforemethod" time="0.0" classname="com.opencart.testscripts.FileUploadTestScript">
    <failure type="java.lang.NoSuchMethodError" message="org.openqa.selenium.remote.RemoteWebDriver.&amp;lt;init&amp;gt;(Lorg/openqa/selenium/remote/CommandExecutor;Lorg/openqa/selenium/Capabilities;Lorg/openqa/selenium/Capabilities;)V">
      <![CDATA[java.lang.NoSuchMethodError: org.openqa.selenium.remote.RemoteWebDriver.<init>(Lorg/openqa/selenium/remote/CommandExecutor;Lorg/openqa/selenium/Capabilities;Lorg/openqa/selenium/Capabilities;)V
	at org.openqa.selenium.firefox.FirefoxDriver.<init>(FirefoxDriver.java:218)
	at org.openqa.selenium.firefox.FirefoxDriver.<init>(FirefoxDriver.java:125)
	at org.openqa.selenium.firefox.FirefoxDriver.<init>(FirefoxDriver.java:121)
	at com.opencart.constants.BaseClass.gotoFirefoxDriver(BaseClass.java:73)
	at com.opencart.constants.BaseClass.openURL(BaseClass.java:90)
	at com.opencart.testscripts.FileUploadTestScript.beforemethod(FileUploadTestScript.java:34)
... Removed 26 stack frames]]>
    </failure>
  </testcase> <!-- @BeforeMethod beforemethod -->
  <testcase name="@AfterMethod aftermethod" time="0.0" classname="com.opencart.testscripts.FileUploadTestScript">
    <skipped/>
  </testcase> <!-- @AfterMethod aftermethod -->
  <testcase name="uploadFile" time="0.003" classname="com.opencart.testscripts.FileUploadTestScript">
    <skipped/>
  </testcase> <!-- uploadFile -->
</testsuite> <!-- FirefoxTest -->
