<?xml version="1.0" encoding="UTF-8"?>
<testng-results skipped="1" failed="0" total="2" passed="1">
  <reporter-output>
  </reporter-output>
  <suite name="Testing Suite" duration-ms="55355" started-at="2021-05-10T12:40:30Z" finished-at="2021-05-10T12:41:25Z">
    <groups>
    </groups>
    <test name="ChromeTest" duration-ms="52883" started-at="2021-05-10T12:40:30Z" finished-at="2021-05-10T12:41:23Z">
      <class name="com.opencart.testscripts.FileUploadTestScript">
        <test-method status="PASS" signature="beforemethod(java.lang.String)[pri:0, instance:com.opencart.testscripts.FileUploadTestScript@271053e1]" name="beforemethod" is-config="true" duration-ms="33994" started-at="2021-05-10T18:10:30Z" finished-at="2021-05-10T18:11:04Z">
          <params>
            <param index="0">
              <value>
                <![CDATA[chrome]]>
              </value>
            </param>
          </params>
          <reporter-output>
          </reporter-output>
        </test-method> <!-- beforemethod -->
        <test-method status="PASS" signature="uploadFile()[pri:0, instance:com.opencart.testscripts.FileUploadTestScript@271053e1]" name="uploadFile" duration-ms="13479" started-at="2021-05-10T18:11:04Z" finished-at="2021-05-10T18:11:17Z">
          <reporter-output>
          </reporter-output>
        </test-method> <!-- uploadFile -->
        <test-method status="PASS" signature="aftermethod(org.testng.ITestResult)[pri:0, instance:com.opencart.testscripts.FileUploadTestScript@271053e1]" name="aftermethod" is-config="true" duration-ms="5268" started-at="2021-05-10T18:11:18Z" finished-at="2021-05-10T18:11:23Z">
          <params>
            <param index="0">
              <value>
                <![CDATA[[TestResult name=uploadFile status=SUCCESS method=FileUploadTestScript.uploadFile()[pri:0, instance:com.opencart.testscripts.FileUploadTestScript@271053e1] output={null}]]]>
              </value>
            </param>
          </params>
          <reporter-output>
          </reporter-output>
        </test-method> <!-- aftermethod -->
      </class> <!-- com.opencart.testscripts.FileUploadTestScript -->
    </test> <!-- ChromeTest -->
    <test name="FirefoxTest" duration-ms="203" started-at="2021-05-10T12:41:25Z" finished-at="2021-05-10T12:41:25Z">
      <class name="com.opencart.testscripts.FileUploadTestScript">
        <test-method status="FAIL" signature="beforemethod(java.lang.String)[pri:0, instance:com.opencart.testscripts.FileUploadTestScript@6adede5]" name="beforemethod" is-config="true" duration-ms="0" started-at="2021-05-10T18:11:25Z" finished-at="2021-05-10T18:11:25Z">
          <params>
            <param index="0">
              <value>
                <![CDATA[firefox]]>
              </value>
            </param>
          </params>
          <exception class="java.lang.NoSuchMethodError">
            <message>
              <![CDATA[org.openqa.selenium.remote.RemoteWebDriver.<init>(Lorg/openqa/selenium/remote/CommandExecutor;Lorg/openqa/selenium/Capabilities;Lorg/openqa/selenium/Capabilities;)V]]>
            </message>
            <full-stacktrace>
              <![CDATA[java.lang.NoSuchMethodError: org.openqa.selenium.remote.RemoteWebDriver.<init>(Lorg/openqa/selenium/remote/CommandExecutor;Lorg/openqa/selenium/Capabilities;Lorg/openqa/selenium/Capabilities;)V
	at org.openqa.selenium.firefox.FirefoxDriver.<init>(FirefoxDriver.java:218)
	at org.openqa.selenium.firefox.FirefoxDriver.<init>(FirefoxDriver.java:125)
	at org.openqa.selenium.firefox.FirefoxDriver.<init>(FirefoxDriver.java:121)
	at com.opencart.constants.BaseClass.gotoFirefoxDriver(BaseClass.java:73)
	at com.opencart.constants.BaseClass.openURL(BaseClass.java:90)
	at com.opencart.testscripts.FileUploadTestScript.beforemethod(FileUploadTestScript.java:34)
	at sun.reflect.NativeMethodAccessorImpl.invoke0(Native Method)
	at sun.reflect.NativeMethodAccessorImpl.invoke(Unknown Source)
	at sun.reflect.DelegatingMethodAccessorImpl.invoke(Unknown Source)
	at java.lang.reflect.Method.invoke(Unknown Source)
	at org.testng.internal.MethodInvocationHelper.invokeMethod(MethodInvocationHelper.java:80)
	at org.testng.internal.Invoker.invokeConfigurationMethod(Invoker.java:564)
	at org.testng.internal.Invoker.invokeConfigurations(Invoker.java:213)
	at org.testng.internal.Invoker.invokeMethod(Invoker.java:653)
	at org.testng.internal.Invoker.invokeTestMethod(Invoker.java:901)
	at org.testng.internal.Invoker.invokeTestMethods(Invoker.java:1231)
	at org.testng.internal.TestMethodWorker.invokeTestMethods(TestMethodWorker.java:127)
	at org.testng.internal.TestMethodWorker.run(TestMethodWorker.java:111)
	at org.testng.TestRunner.privateRun(TestRunner.java:767)
	at org.testng.TestRunner.run(TestRunner.java:617)
	at org.testng.SuiteRunner.runTest(SuiteRunner.java:334)
	at org.testng.SuiteRunner.runSequentially(SuiteRunner.java:329)
	at org.testng.SuiteRunner.privateRun(SuiteRunner.java:291)
	at org.testng.SuiteRunner.run(SuiteRunner.java:240)
	at org.testng.SuiteRunnerWorker.runSuite(SuiteRunnerWorker.java:52)
	at org.testng.SuiteRunnerWorker.run(SuiteRunnerWorker.java:86)
	at org.testng.TestNG.runSuitesSequentially(TestNG.java:1198)
	at org.testng.TestNG.runSuitesLocally(TestNG.java:1123)
	at org.testng.TestNG.run(TestNG.java:1031)
	at org.testng.remote.AbstractRemoteTestNG.run(AbstractRemoteTestNG.java:132)
	at org.testng.remote.RemoteTestNG.initAndRun(RemoteTestNG.java:230)
	at org.testng.remote.RemoteTestNG.main(RemoteTestNG.java:76)
]]>
            </full-stacktrace>
          </exception> <!-- java.lang.NoSuchMethodError -->
          <reporter-output>
          </reporter-output>
        </test-method> <!-- beforemethod -->
        <test-method status="SKIP" signature="uploadFile()[pri:0, instance:com.opencart.testscripts.FileUploadTestScript@6adede5]" name="uploadFile" duration-ms="3" started-at="2021-05-10T18:11:25Z" finished-at="2021-05-10T18:11:25Z">
          <reporter-output>
          </reporter-output>
        </test-method> <!-- uploadFile -->
        <test-method status="SKIP" signature="aftermethod(org.testng.ITestResult)[pri:0, instance:com.opencart.testscripts.FileUploadTestScript@6adede5]" name="aftermethod" is-config="true" duration-ms="0" started-at="2021-05-10T18:11:25Z" finished-at="2021-05-10T18:11:25Z">
          <reporter-output>
          </reporter-output>
        </test-method> <!-- aftermethod -->
      </class> <!-- com.opencart.testscripts.FileUploadTestScript -->
    </test> <!-- FirefoxTest -->
  </suite> <!-- Testing Suite -->
</testng-results>
