<?xml version="1.0" encoding="UTF-8"?>
<!-- Generated by org.testng.reporters.JUnitXMLReporter -->
<testsuite hostname="DESKTOP-0JHIS2I" name="FirefoxTest" tests="1" failures="0" timestamp="28 Apr 2021 17:45:14 GMT" time="2.656" errors="0">
  <testcase name="@BeforeMethod beforemethod" time="0.0" classname="com.opencart.testscripts.FileUploadTestScript">
    <failure type="java.lang.IllegalStateException" message="The driver executable does not exist: C:\Users\user\workspace\OpenCartRepo\Drivers\geckodriver.exe">
      <![CDATA[java.lang.IllegalStateException: The driver executable does not exist: C:\Users\user\workspace\OpenCartRepo\Drivers\geckodriver.exe
	at com.google.common.base.Preconditions.checkState(Preconditions.java:585)
	at org.openqa.selenium.remote.service.DriverService.checkExecutable(DriverService.java:146)
	at org.openqa.selenium.remote.service.DriverService.findExecutable(DriverService.java:141)
	at org.openqa.selenium.firefox.GeckoDriverService.access$100(GeckoDriverService.java:38)
	at org.openqa.selenium.firefox.GeckoDriverService$Builder.findDefaultExecutable(GeckoDriverService.java:112)
	at org.openqa.selenium.remote.service.DriverService$Builder.build(DriverService.java:355)
	at org.openqa.selenium.firefox.FirefoxDriver.toExecutor(FirefoxDriver.java:233)
	at org.openqa.selenium.firefox.FirefoxDriver.<init>(FirefoxDriver.java:125)
	at org.openqa.selenium.firefox.FirefoxDriver.<init>(FirefoxDriver.java:121)
	at com.opencart.constants.BaseClass.gotoFirefoxDriver(BaseClass.java:60)
	at com.opencart.constants.BaseClass.openURL(BaseClass.java:78)
	at com.opencart.testscripts.FileUploadTestScript.beforemethod(FileUploadTestScript.java:34)
	at java.util.concurrent.FutureTask.run(Unknown Source)
	at java.util.concurrent.ThreadPoolExecutor.runWorker(Unknown Source)
	at java.util.concurrent.ThreadPoolExecutor$Worker.run(Unknown Source)
	at java.lang.Thread.run(Unknown Source)
... Removed 18 stack frames]]>
    </failure>
  </testcase> <!-- @BeforeMethod beforemethod -->
  <testcase name="@AfterMethod aftermethod" time="0.0" classname="com.opencart.testscripts.FileUploadTestScript">
    <skipped/>
  </testcase> <!-- @AfterMethod aftermethod -->
  <testcase name="uploadFile" time="1.376" classname="com.opencart.testscripts.FileUploadTestScript">
    <skipped/>
  </testcase> <!-- uploadFile -->
</testsuite> <!-- FirefoxTest -->
